{
  "stats": {
    "suites": 1,
    "tests": 1,
    "passes": 1,
    "pending": 0,
    "failures": 0,
    "start": "2024-01-28T17:58:37.699Z",
    "end": "2024-01-28T17:58:42.629Z",
    "duration": 4930,
    "testsRegistered": 1,
    "passPercent": 100,
    "pendingPercent": 0,
    "other": 0,
    "hasOther": false,
    "skipped": 0,
    "hasSkipped": false
  },
  "results": [
    {
      "uuid": "7639dc01-755d-4b13-b96e-a7d2c346d816",
      "title": "",
      "fullFile": "cypress\\e2e\\integration\\05-Selectors-TAG.cy.js",
      "file": "cypress\\e2e\\integration\\05-Selectors-TAG.cy.js",
      "beforeHooks": [],
      "afterHooks": [],
      "tests": [],
      "suites": [
        {
          "uuid": "4d9fce1e-3a08-438c-a5a3-42c02df19129",
          "title": "Selector | TAG",
          "fullFile": "",
          "file": "",
          "beforeHooks": [],
          "afterHooks": [],
          "tests": [
            {
              "title": "Validate Frontend Cards",
              "fullTitle": "Selector | TAG Validate Frontend Cards",
              "timedOut": null,
              "duration": 2642,
              "state": "passed",
              "speed": "fast",
              "pass": true,
              "fail": false,
              "pending": false,
              "context": "{\n  \"title\": \"cypress-mochawesome-reporter-videos-passed\",\n  \"value\": \"cypress\\\\e2e\\\\integration\\\\05-Selectors-TAG.cy.js\"\n}",
              "code": "cy.visit('https://techglobal-training.com/frontend');\n// Locate all the elements that are links - a\ncy.get('a');\n// Locate all the elements that are images - img\ncy.get('img');\n// Locate all the elements that are paragraphs - p\ncy.get('p');\n// Locate all the elements that are buttons - button\ncy.get('button').should('have.length', 0);\n// Locate all the elements that are heading - h1, h2, h3, h4, h5, h6\ncy.get('h1, h2, h3, h4, h5, h6').should('have.length', 0);",
              "err": {},
              "uuid": "1b5dac76-6d87-44cb-9401-0c9b4e635b25",
              "parentUUID": "4d9fce1e-3a08-438c-a5a3-42c02df19129",
              "isHook": false,
              "skipped": false
            }
          ],
          "suites": [],
          "passes": [
            "1b5dac76-6d87-44cb-9401-0c9b4e635b25"
          ],
          "failures": [],
          "pending": [],
          "skipped": [],
          "duration": 2642,
          "root": false,
          "rootEmpty": false,
          "_timeout": 2000
        }
      ],
      "passes": [],
      "failures": [],
      "pending": [],
      "skipped": [],
      "duration": 0,
      "root": true,
      "rootEmpty": true,
      "_timeout": 2000
    }
  ],
  "meta": {
    "mocha": {
      "version": "7.0.1"
    },
    "mochawesome": {
      "options": {
        "quiet": false,
        "reportFilename": "mochawesome",
        "saveHtml": false,
        "saveJson": true,
        "consoleReporter": "spec",
        "useInlineDiffs": false,
        "code": true
      },
      "version": "7.1.3"
    },
    "marge": {
      "options": {
        "charts": true,
        "reportPageTitle": "custom-title",
        "embeddedScreenshots": true,
        "inlineAssets": true,
        "saveAllAttempts": false,
        "overwrite": false,
        "html": false,
        "json": true,
        "reportDir": "cypress\\reports\\html\\.jsons"
      },
      "version": "6.2.0"
    }
  }
}