{
  "stats": {
    "suites": 1,
    "tests": 2,
    "passes": 2,
    "pending": 0,
    "failures": 0,
    "start": "2024-01-28T17:57:51.045Z",
    "end": "2024-01-28T17:57:56.112Z",
    "duration": 5067,
    "testsRegistered": 2,
    "passPercent": 100,
    "pendingPercent": 0,
    "other": 0,
    "hasOther": false,
    "skipped": 0,
    "hasSkipped": false
  },
  "results": [
    {
      "uuid": "c927a080-3ef6-4e8a-aa9d-38661ad9b2fc",
      "title": "",
      "fullFile": "cypress\\e2e\\integration\\01-First-Test.cy.js",
      "file": "cypress\\e2e\\integration\\01-First-Test.cy.js",
      "beforeHooks": [],
      "afterHooks": [],
      "tests": [],
      "suites": [
        {
          "uuid": "5a5c89e2-b027-47f8-9dd9-dfd725787599",
          "title": "TechGlobal Training Home Page Validation",
          "fullFile": "",
          "file": "",
          "beforeHooks": [],
          "afterHooks": [],
          "tests": [
            {
              "title": "Validate TechGlobal Training application title and URL",
              "fullTitle": "TechGlobal Training Home Page Validation Validate TechGlobal Training application title and URL",
              "timedOut": null,
              "duration": 1681,
              "state": "passed",
              "speed": "fast",
              "pass": true,
              "fail": false,
              "pending": false,
              "context": "{\n  \"title\": \"cypress-mochawesome-reporter-videos-passed\",\n  \"value\": \"cypress\\\\e2e\\\\integration\\\\01-First-Test.cy.js\"\n}",
              "code": "cy.visit('https://techglobal-training.com/');\n// Validate the Title - \ncy.title().should('eq', 'TechGlobal Training | Home');\n// Validate the URL\ncy.url().should('eq', 'https://techglobal-training.com/');",
              "err": {},
              "uuid": "b88d6f44-8980-4a47-b859-b687216840b2",
              "parentUUID": "5a5c89e2-b027-47f8-9dd9-dfd725787599",
              "isHook": false,
              "skipped": false
            },
            {
              "title": "TechGlobal Training application title and URL with contains",
              "fullTitle": "TechGlobal Training Home Page Validation TechGlobal Training application title and URL with contains",
              "timedOut": null,
              "duration": 1106,
              "state": "passed",
              "speed": "fast",
              "pass": true,
              "fail": false,
              "pending": false,
              "context": "{\n  \"title\": \"cypress-mochawesome-reporter-videos-passed\",\n  \"value\": \"cypress\\\\e2e\\\\integration\\\\01-First-Test.cy.js\"\n}",
              "code": "// your code goes here\ncy.visit('https://techglobal-training.com/');\n// Validate the Title - \ncy.title().should('contain', 'TechGlobal');\ncy.title().should('include', 'TechGlobal');\n// Validate the URL\ncy.url().should('include', 'techglobal-training');\ncy.url().should('contain', 'techglobal-training');",
              "err": {},
              "uuid": "c8d8544d-fa76-4737-8693-1dc41b881658",
              "parentUUID": "5a5c89e2-b027-47f8-9dd9-dfd725787599",
              "isHook": false,
              "skipped": false
            }
          ],
          "suites": [],
          "passes": [
            "b88d6f44-8980-4a47-b859-b687216840b2",
            "c8d8544d-fa76-4737-8693-1dc41b881658"
          ],
          "failures": [],
          "pending": [],
          "skipped": [],
          "duration": 2787,
          "root": false,
          "rootEmpty": false,
          "_timeout": 2000
        }
      ],
      "passes": [],
      "failures": [],
      "pending": [],
      "skipped": [],
      "duration": 0,
      "root": true,
      "rootEmpty": true,
      "_timeout": 2000
    }
  ],
  "meta": {
    "mocha": {
      "version": "7.0.1"
    },
    "mochawesome": {
      "options": {
        "quiet": false,
        "reportFilename": "mochawesome",
        "saveHtml": false,
        "saveJson": true,
        "consoleReporter": "spec",
        "useInlineDiffs": false,
        "code": true
      },
      "version": "7.1.3"
    },
    "marge": {
      "options": {
        "charts": true,
        "reportPageTitle": "custom-title",
        "embeddedScreenshots": true,
        "inlineAssets": true,
        "saveAllAttempts": false,
        "overwrite": false,
        "html": false,
        "json": true,
        "reportDir": "cypress\\reports\\html\\.jsons"
      },
      "version": "6.2.0"
    }
  }
}