{
  "stats": {
    "suites": 1,
    "tests": 1,
    "passes": 1,
    "pending": 0,
    "failures": 0,
    "start": "2024-01-28T17:58:29.703Z",
    "end": "2024-01-28T17:58:34.181Z",
    "duration": 4478,
    "testsRegistered": 1,
    "passPercent": 100,
    "pendingPercent": 0,
    "other": 0,
    "hasOther": false,
    "skipped": 0,
    "hasSkipped": false
  },
  "results": [
    {
      "uuid": "3da336e3-be22-4e27-9f90-0b964764ab8b",
      "title": "",
      "fullFile": "cypress\\e2e\\integration\\04-Selectors-CLASS.cy.js",
      "file": "cypress\\e2e\\integration\\04-Selectors-CLASS.cy.js",
      "beforeHooks": [],
      "afterHooks": [],
      "tests": [],
      "suites": [
        {
          "uuid": "951a4cd1-8b82-4ce9-868a-3b20f9727656",
          "title": "Selector | CLASS",
          "fullFile": "",
          "file": "",
          "beforeHooks": [],
          "afterHooks": [],
          "tests": [
            {
              "title": "Validate Frontend Cards",
              "fullTitle": "Selector | CLASS Validate Frontend Cards",
              "timedOut": null,
              "duration": 2078,
              "state": "passed",
              "speed": "fast",
              "pass": true,
              "fail": false,
              "pending": false,
              "context": "{\n  \"title\": \"cypress-mochawesome-reporter-videos-passed\",\n  \"value\": \"cypress\\\\e2e\\\\integration\\\\04-Selectors-CLASS.cy.js\"\n}",
              "code": "cy.visit('https://techglobal-training.com/frontend');\ncy.get('.card').should('have.length', 20);",
              "err": {},
              "uuid": "9f1546d3-073e-4790-a999-ee22ca161326",
              "parentUUID": "951a4cd1-8b82-4ce9-868a-3b20f9727656",
              "isHook": false,
              "skipped": false
            }
          ],
          "suites": [],
          "passes": [
            "9f1546d3-073e-4790-a999-ee22ca161326"
          ],
          "failures": [],
          "pending": [],
          "skipped": [],
          "duration": 2078,
          "root": false,
          "rootEmpty": false,
          "_timeout": 2000
        }
      ],
      "passes": [],
      "failures": [],
      "pending": [],
      "skipped": [],
      "duration": 0,
      "root": true,
      "rootEmpty": true,
      "_timeout": 2000
    }
  ],
  "meta": {
    "mocha": {
      "version": "7.0.1"
    },
    "mochawesome": {
      "options": {
        "quiet": false,
        "reportFilename": "mochawesome",
        "saveHtml": false,
        "saveJson": true,
        "consoleReporter": "spec",
        "useInlineDiffs": false,
        "code": true
      },
      "version": "7.1.3"
    },
    "marge": {
      "options": {
        "charts": true,
        "reportPageTitle": "custom-title",
        "embeddedScreenshots": true,
        "inlineAssets": true,
        "saveAllAttempts": false,
        "overwrite": false,
        "html": false,
        "json": true,
        "reportDir": "cypress\\reports\\html\\.jsons"
      },
      "version": "6.2.0"
    }
  }
}