{
  "stats": {
    "suites": 1,
    "tests": 1,
    "passes": 1,
    "pending": 0,
    "failures": 0,
    "start": "2024-01-28T17:57:59.387Z",
    "end": "2024-01-28T17:58:07.714Z",
    "duration": 8327,
    "testsRegistered": 1,
    "passPercent": 100,
    "pendingPercent": 0,
    "other": 0,
    "hasOther": false,
    "skipped": 0,
    "hasSkipped": false
  },
  "results": [
    {
      "uuid": "dbd9538f-1ced-43e9-a603-75ea0f827dc4",
      "title": "",
      "fullFile": "cypress\\e2e\\integration\\02-Navigations.cy.js",
      "file": "cypress\\e2e\\integration\\02-Navigations.cy.js",
      "beforeHooks": [],
      "afterHooks": [],
      "tests": [],
      "suites": [
        {
          "uuid": "69429079-21ef-437a-94c2-5ae3a89f3408",
          "title": "Cypress Navigation",
          "fullFile": "",
          "file": "",
          "beforeHooks": [],
          "afterHooks": [],
          "tests": [
            {
              "title": "Go to ULR, refresh, navigate forward and back",
              "fullTitle": "Cypress Navigation Go to ULR, refresh, navigate forward and back",
              "timedOut": null,
              "duration": 6035,
              "state": "passed",
              "speed": "medium",
              "pass": true,
              "fail": false,
              "pending": false,
              "context": "{\n  \"title\": \"cypress-mochawesome-reporter-videos-passed\",\n  \"value\": \"cypress\\\\e2e\\\\integration\\\\02-Navigations.cy.js\"\n}",
              "code": "cy.visit('https://techglobal-training.com/');\n// refresh the page\ncy.reload();\n// navigate to another page\ncy.visit('https://www.google.com/');\n// navigate back to TechGlobal website\n//cy.go('back')\ncy.go(-1);\n// navigate forward to Google website\n//cy.go('forward')\ncy.go(1);",
              "err": {},
              "uuid": "8ee66456-6abb-4ac8-9784-6dbc7fa6c708",
              "parentUUID": "69429079-21ef-437a-94c2-5ae3a89f3408",
              "isHook": false,
              "skipped": false
            }
          ],
          "suites": [],
          "passes": [
            "8ee66456-6abb-4ac8-9784-6dbc7fa6c708"
          ],
          "failures": [],
          "pending": [],
          "skipped": [],
          "duration": 6035,
          "root": false,
          "rootEmpty": false,
          "_timeout": 2000
        }
      ],
      "passes": [],
      "failures": [],
      "pending": [],
      "skipped": [],
      "duration": 0,
      "root": true,
      "rootEmpty": true,
      "_timeout": 2000
    }
  ],
  "meta": {
    "mocha": {
      "version": "7.0.1"
    },
    "mochawesome": {
      "options": {
        "quiet": false,
        "reportFilename": "mochawesome",
        "saveHtml": false,
        "saveJson": true,
        "consoleReporter": "spec",
        "useInlineDiffs": false,
        "code": true
      },
      "version": "7.1.3"
    },
    "marge": {
      "options": {
        "charts": true,
        "reportPageTitle": "custom-title",
        "embeddedScreenshots": true,
        "inlineAssets": true,
        "saveAllAttempts": false,
        "overwrite": false,
        "html": false,
        "json": true,
        "reportDir": "cypress\\reports\\html\\.jsons"
      },
      "version": "6.2.0"
    }
  }
}